<?xml version="1.0" encoding="UTF-8"?>
<!-- Generated by org.testng.reporters.JUnitReportReporter -->
<testsuite hostname="ICPL12499" name="Annotation.runTest" tests="1" failures="0" timestamp="24 Jun 2019 06:58:08 GMT" time="19.260" errors="0">
  <testcase name="feature" time="19.260" classname="Annotation.runTest"/>
</testsuite> <!-- Annotation.runTest -->
